Using pre-set license
Built from '2021.3/staging' branch; Version is '2021.3.9f1 (ad3870b89536) revision 11352176'; Using compiler version '192829333'; Build Type 'Release'
OS: 'Windows 10  (10.0.19044) 64bit Core' Language: 'en' Physical Memory: 16251 MB
BatchMode: 1, IsHumanControllingUs: 0, StartBugReporterOnCrash: 0, Is64bit: 1, IsPro: 1

COMMAND LINE ARGUMENTS:
C:\Program Files\Unity\Hub\Editor\2021.3.9f1\Editor\Unity.exe
-adb2
-batchMode
-noUpm
-name
AssetImportWorker2
-projectPath
C:/Github/PUZZEL/puzzle
-logFile
Logs/AssetImportWorker2.log
-srvPort
63265
Successfully changed project path to: C:/Github/PUZZEL/puzzle
C:/Github/PUZZEL/puzzle
[UnityMemory] Configuration Parameters - Can be set up in boot.config
    "memorysetup-bucket-allocator-granularity=16"
    "memorysetup-bucket-allocator-bucket-count=8"
    "memorysetup-bucket-allocator-block-size=33554432"
    "memorysetup-bucket-allocator-block-count=8"
    "memorysetup-main-allocator-block-size=16777216"
    "memorysetup-thread-allocator-block-size=16777216"
    "memorysetup-gfx-main-allocator-block-size=16777216"
    "memorysetup-gfx-thread-allocator-block-size=16777216"
    "memorysetup-cache-allocator-block-size=4194304"
    "memorysetup-typetree-allocator-block-size=2097152"
    "memorysetup-profiler-bucket-allocator-granularity=16"
    "memorysetup-profiler-bucket-allocator-bucket-count=8"
    "memorysetup-profiler-bucket-allocator-block-size=33554432"
    "memorysetup-profiler-bucket-allocator-block-count=8"
    "memorysetup-profiler-allocator-block-size=16777216"
    "memorysetup-profiler-editor-allocator-block-size=1048576"
    "memorysetup-temp-allocator-size-main=16777216"
    "memorysetup-job-temp-allocator-block-size=2097152"
    "memorysetup-job-temp-allocator-block-size-background=1048576"
    "memorysetup-job-temp-allocator-reduction-small-platforms=262144"
    "memorysetup-temp-allocator-size-background-worker=32768"
    "memorysetup-temp-allocator-size-job-worker=262144"
    "memorysetup-temp-allocator-size-preload-manager=33554432"
    "memorysetup-temp-allocator-size-nav-mesh-worker=65536"
    "memorysetup-temp-allocator-size-audio-worker=65536"
    "memorysetup-temp-allocator-size-cloud-worker=32768"
    "memorysetup-temp-allocator-size-gi-baking-worker=262144"
    "memorysetup-temp-allocator-size-gfx=262144"
Refreshing native plugins compatible for Editor in 56.15 ms, found 2 plugins.
Preloading 0 native plugins for Editor in 0.00 ms.
Initialize engine version: 2021.3.9f1 (ad3870b89536)
[Subsystems] Discovering subsystems at path C:/Program Files/Unity/Hub/Editor/2021.3.9f1/Editor/Data/Resources/UnitySubsystems
[Subsystems] Discovering subsystems at path C:/Github/PUZZEL/puzzle/Assets
GfxDevice: creating device client; threaded=0; jobified=0
Direct3D:
    Version:  Direct3D 11.0 [level 11.1]
    Renderer: NVIDIA GeForce GTX 1650 (ID=0x1f99)
    Vendor:   NVIDIA
    VRAM:     3962 MB
    Driver:   27.21.14.6230
Initialize mono
Mono path[0] = 'C:/Program Files/Unity/Hub/Editor/2021.3.9f1/Editor/Data/Managed'
Mono path[1] = 'C:/Program Files/Unity/Hub/Editor/2021.3.9f1/Editor/Data/MonoBleedingEdge/lib/mono/unityjit-win32'
Mono config path = 'C:/Program Files/Unity/Hub/Editor/2021.3.9f1/Editor/Data/MonoBleedingEdge/etc'
Using monoOptions --debugger-agent=transport=dt_socket,embedding=1,server=y,suspend=n,address=127.0.0.1:56460
Begin MonoManager ReloadAssembly
Registering precompiled unity dll's ...
Register platform support module: C:/Program Files/Unity/Hub/Editor/2021.3.9f1/Editor/Data/PlaybackEngines/WebGLSupport/UnityEditor.WebGL.Extensions.dll
Register platform support module: C:/Program Files/Unity/Hub/Editor/2021.3.9f1/Editor/Data/PlaybackEngines/WindowsStandaloneSupport/UnityEditor.WindowsStandalone.Extensions.dll
Registered in 0.010992 seconds.
Native extension for WindowsStandalone target not found
Native extension for WebGL target not found
Refreshing native plugins compatible for Editor in 45.27 ms, found 2 plugins.
Preloading 0 native plugins for Editor in 0.00 ms.
Mono: successfully reloaded assembly
- Completed reload, in  0.595 seconds
Domain Reload Profiling:
	ReloadAssembly (596ms)
		BeginReloadAssembly (84ms)
			ExecutionOrderSort (0ms)
			DisableScriptedObjects (0ms)
			BackupInstance (0ms)
			ReleaseScriptingObjects (0ms)
			CreateAndSetChildDomain (1ms)
		EndReloadAssembly (400ms)
			LoadAssemblies (82ms)
			RebuildTransferFunctionScriptingTraits (0ms)
			SetupTypeCache (96ms)
			ReleaseScriptCaches (0ms)
			RebuildScriptCaches (26ms)
			SetupLoadedEditorAssemblies (229ms)
				LogAssemblyErrors (0ms)
				InitializePlatformSupportModulesInManaged (10ms)
				SetLoadedEditorAssemblies (0ms)
				RefreshPlugins (45ms)
				BeforeProcessingInitializeOnLoad (1ms)
				ProcessInitializeOnLoadAttributes (132ms)
				ProcessInitializeOnLoadMethodAttributes (41ms)
				AfterProcessingInitializeOnLoad (0ms)
				EditorAssembliesLoaded (0ms)
			ExecutionOrderSort2 (0ms)
			AwakeInstancesAfterBackupRestoration (0ms)
Platform modules already initialized, skipping
Registering precompiled user dll's ...
Registered in 0.007600 seconds.
Begin MonoManager ReloadAssembly
Native extension for WindowsStandalone target not found
Native extension for WebGL target not found
Refreshing native plugins compatible for Editor in 48.87 ms, found 2 plugins.
Preloading 0 native plugins for Editor in 0.00 ms.
Mono: successfully reloaded assembly
- Completed reload, in  1.102 seconds
Domain Reload Profiling:
	ReloadAssembly (1103ms)
		BeginReloadAssembly (124ms)
			ExecutionOrderSort (0ms)
			DisableScriptedObjects (5ms)
			BackupInstance (0ms)
			ReleaseScriptingObjects (0ms)
			CreateAndSetChildDomain (17ms)
		EndReloadAssembly (864ms)
			LoadAssemblies (91ms)
			RebuildTransferFunctionScriptingTraits (0ms)
			SetupTypeCache (230ms)
			ReleaseScriptCaches (1ms)
			RebuildScriptCaches (48ms)
			SetupLoadedEditorAssemblies (462ms)
				LogAssemblyErrors (0ms)
				InitializePlatformSupportModulesInManaged (6ms)
				SetLoadedEditorAssemblies (0ms)
				RefreshPlugins (49ms)
				BeforeProcessingInitializeOnLoad (85ms)
				ProcessInitializeOnLoadAttributes (227ms)
				ProcessInitializeOnLoadMethodAttributes (84ms)
				AfterProcessingInitializeOnLoad (10ms)
				EditorAssembliesLoaded (0ms)
			ExecutionOrderSort2 (0ms)
			AwakeInstancesAfterBackupRestoration (5ms)
Platform modules already initialized, skipping
========================================================================
Worker process is ready to serve import requests
Launched and connected shader compiler UnityShaderCompiler.exe after 0.03 seconds
Refreshing native plugins compatible for Editor in 0.65 ms, found 2 plugins.
Preloading 0 native plugins for Editor in 0.00 ms.
Unloading 3472 Unused Serialized files (Serialized files now loaded: 0)
Unloading 29 unused Assets / (0.7 MB). Loaded Objects now: 3931.
Memory consumption went from 157.8 MB to 157.1 MB.
Total: 3.357900 ms (FindLiveObjects: 0.268600 ms CreateObjectMapping: 0.210700 ms MarkObjects: 2.598500 ms  DeleteObjects: 0.279200 ms)

AssetImportParameters requested are different than current active one (requested -> active):
  custom:video-decoder-ogg-theora: a1e56fd34408186e4bbccfd4996cb3dc -> 
  custom:container-muxer-webm: aa71ff27fc2769a1b78a27578f13a17b -> 
  custom:container-demuxer-webm: 4f35f7cbe854078d1ac9338744f61a02 -> 
  custom:video-encoder-webm-vp8: eb34c28f22e8b96e1ab97ce403110664 -> 
  custom:video-codec-MediaFoundation-h265: 746d11721c4dcdbdad8f713fa42b33f4 -> 
  custom:audio-encoder-webm-vorbis: bf7c407c2cedff20999df2af8eb42d56 -> 
  custom:framework-win-MediaFoundation: 216162199b28c13a410421893ffa2e32 -> 
  custom:container-demuxer-ogg: 62fdf1f143b41e24485cea50d1cbac27 -> 
  custom:video-decoder-webm-vp8: 9c59270c3fd7afecdb556c50c9e8de78 -> 
  custom:audio-decoder-ogg-vorbis: bf7c407c2cedff20999df2af8eb42d56 -> 
========================================================================
Received Import Request.
  Time since last request: 1727229.114589 seconds.
  path: Packages/com.unity.searcher/Editor/Resources/FlatSkin/Font/Roboto-Thin.ttf
  artifactKey: Guid(19a9abb883540be48b75b951a927ae03) Importer(815301076,1909f56bfc062723c751e8b465ee728b)
Start importing Packages/com.unity.searcher/Editor/Resources/FlatSkin/Font/Roboto-Thin.ttf using Guid(19a9abb883540be48b75b951a927ae03) Importer(815301076,1909f56bfc062723c751e8b465ee728b)  -> (artifact id: 'fa4a1b557c88355965b54cce777ab80d') in 0.255119 seconds 
========================================================================
Received Import Request.
  Time since last request: 0.000030 seconds.
  path: Assets/Bizulka/Witchs_house/Models/scoop.fbx
  artifactKey: Guid(c3d319025eaa96d4abb07691f4786665) Importer(815301076,1909f56bfc062723c751e8b465ee728b)
Start importing Assets/Bizulka/Witchs_house/Models/scoop.fbx using Guid(c3d319025eaa96d4abb07691f4786665) Importer(815301076,1909f56bfc062723c751e8b465ee728b)  -> (artifact id: 'c4d336584338ff3acdd7b5cf9c7f1168') in 0.064822 seconds 
========================================================================
Received Import Request.
  Time since last request: 0.000031 seconds.
  path: Assets/Agile Reaction/Low Poly Style Tree Pack/Models/tree.003.fbx
  artifactKey: Guid(cb2fb969c6d589d4f9d8550228873876) Importer(815301076,1909f56bfc062723c751e8b465ee728b)
Start importing Assets/Agile Reaction/Low Poly Style Tree Pack/Models/tree.003.fbx using Guid(cb2fb969c6d589d4f9d8550228873876) Importer(815301076,1909f56bfc062723c751e8b465ee728b)  -> (artifact id: '11f3ffdfdf92b01f7f095fc91cdf405c') in 0.034339 seconds 
========================================================================
Received Import Request.
  Time since last request: 0.000032 seconds.
  path: Assets/Bizulka/Witchs_house/Models/vat.fbx
  artifactKey: Guid(431acc3953c945e459534413757f5cd6) Importer(815301076,1909f56bfc062723c751e8b465ee728b)
Start importing Assets/Bizulka/Witchs_house/Models/vat.fbx using Guid(431acc3953c945e459534413757f5cd6) Importer(815301076,1909f56bfc062723c751e8b465ee728b)  -> (artifact id: '1576ab49c3b78a653c39eedc7ae3fd32') in 0.031179 seconds 
========================================================================
Received Import Request.
  Time since last request: 0.000021 seconds.
  path: Assets/Agile Reaction/Low Poly Style Tree Pack/Models/tree.012.fbx
  artifactKey: Guid(754edb1dcddc5f547ab08983408962d8) Importer(815301076,1909f56bfc062723c751e8b465ee728b)
Start importing Assets/Agile Reaction/Low Poly Style Tree Pack/Models/tree.012.fbx using Guid(754edb1dcddc5f547ab08983408962d8) Importer(815301076,1909f56bfc062723c751e8b465ee728b)  -> (artifact id: '61107650947af5cd95a141ea933ce5f0') in 0.025814 seconds 
========================================================================
Received Import Request.
  Time since last request: 0.000023 seconds.
  path: Assets/Low Poly Fruits/Prefabs/apple.prefab
  artifactKey: Guid(426b44a7575f71e479fab4f4e8431989) Importer(815301076,1909f56bfc062723c751e8b465ee728b)
Start importing Assets/Low Poly Fruits/Prefabs/apple.prefab using Guid(426b44a7575f71e479fab4f4e8431989) Importer(815301076,1909f56bfc062723c751e8b465ee728b)  -> (artifact id: '6e2aff48692bf646aca283d2bae77c40') in 0.008728 seconds 
========================================================================
Received Import Request.
  Time since last request: 0.000030 seconds.
  path: Assets/Agile Reaction/Low Poly Style Tree Pack/Models/tree.015.fbx
  artifactKey: Guid(101520ceadaf32c458f9a0bdcc14af00) Importer(815301076,1909f56bfc062723c751e8b465ee728b)
Start importing Assets/Agile Reaction/Low Poly Style Tree Pack/Models/tree.015.fbx using Guid(101520ceadaf32c458f9a0bdcc14af00) Importer(815301076,1909f56bfc062723c751e8b465ee728b)  -> (artifact id: '20402efe8617a7fc5c37c4a5bff6c060') in 0.031807 seconds 
========================================================================
Received Import Request.
  Time since last request: 0.000025 seconds.
  path: Assets/Agile Reaction/Low Poly Style Tree Pack/Models/tree.017.fbx
  artifactKey: Guid(9ec1524a1c176ab4e8fe36a59f19a9f5) Importer(815301076,1909f56bfc062723c751e8b465ee728b)
Start importing Assets/Agile Reaction/Low Poly Style Tree Pack/Models/tree.017.fbx using Guid(9ec1524a1c176ab4e8fe36a59f19a9f5) Importer(815301076,1909f56bfc062723c751e8b465ee728b)  -> (artifact id: '70d52ad188ce111789d6fdf854bdc7dc') in 0.026155 seconds 
========================================================================
Received Import Request.
  Time since last request: 0.000025 seconds.
  path: Assets/Materials/Green 1.mat
  artifactKey: Guid(317f0c3454c270940a44cd126529328a) Importer(815301076,1909f56bfc062723c751e8b465ee728b)
Start importing Assets/Materials/Green 1.mat using Guid(317f0c3454c270940a44cd126529328a) Importer(815301076,1909f56bfc062723c751e8b465ee728b)  -> (artifact id: 'b6c1c808462859a00de5480ee00af041') in 0.030365 seconds 
========================================================================
Received Import Request.
  Time since last request: 0.000024 seconds.
  path: Packages/com.unity.render-pipelines.universal/Runtime/Materials/Sprite-Unlit-Default.mat
  artifactKey: Guid(9dfc825aed78fcd4ba02077103263b40) Importer(815301076,1909f56bfc062723c751e8b465ee728b)
Start importing Packages/com.unity.render-pipelines.universal/Runtime/Materials/Sprite-Unlit-Default.mat using Guid(9dfc825aed78fcd4ba02077103263b40) Importer(815301076,1909f56bfc062723c751e8b465ee728b)  -> (artifact id: 'bb1318b5e0fbed09e0c7c00e28491548') in 0.017445 seconds 
========================================================================
Received Import Request.
  Time since last request: 0.000045 seconds.
  path: Assets/Materials/New Material 1.mat
  artifactKey: Guid(64d40dc01b547e24a95ad66a24325b66) Importer(815301076,1909f56bfc062723c751e8b465ee728b)
Start importing Assets/Materials/New Material 1.mat using Guid(64d40dc01b547e24a95ad66a24325b66) Importer(815301076,1909f56bfc062723c751e8b465ee728b)  -> (artifact id: '59fd90db8cfa5b67e0d5ff45265b1725') in 0.023773 seconds 
========================================================================
Received Import Request.
  Time since last request: 0.000044 seconds.
  path: Assets/Agile Reaction/Low Poly Style Tree Pack/Materials/Bark.mat
  artifactKey: Guid(f30e5f73f782cf44f82672ff09d016c1) Importer(815301076,1909f56bfc062723c751e8b465ee728b)
Start importing Assets/Agile Reaction/Low Poly Style Tree Pack/Materials/Bark.mat using Guid(f30e5f73f782cf44f82672ff09d016c1) Importer(815301076,1909f56bfc062723c751e8b465ee728b)  -> (artifact id: '17a505feb68f6d41690059ac78fc9f33') in 0.024933 seconds 
========================================================================
Received Import Request.
  Time since last request: 0.000025 seconds.
  path: Assets/Agile Reaction/Low Poly Style Tree Pack/Models/tree.011.fbx
  artifactKey: Guid(bbd352ad56d2bd1478b9272485ef085d) Importer(815301076,1909f56bfc062723c751e8b465ee728b)
Start importing Assets/Agile Reaction/Low Poly Style Tree Pack/Models/tree.011.fbx using Guid(bbd352ad56d2bd1478b9272485ef085d) Importer(815301076,1909f56bfc062723c751e8b465ee728b)  -> (artifact id: '6553896709e7f7a31db928dd198c8f6e') in 0.024519 seconds 
========================================================================
Received Import Request.
  Time since last request: 0.000025 seconds.
  path: Packages/com.unity.searcher/Editor/Resources/FlatSkin/Font/Roboto-Black.ttf
  artifactKey: Guid(1062c701058745940ae5dca6219c64c8) Importer(815301076,1909f56bfc062723c751e8b465ee728b)
Start importing Packages/com.unity.searcher/Editor/Resources/FlatSkin/Font/Roboto-Black.ttf using Guid(1062c701058745940ae5dca6219c64c8) Importer(815301076,1909f56bfc062723c751e8b465ee728b)  -> (artifact id: 'f67c83a6feaa81eef9c4d3b6e95cd514') in 0.023960 seconds 
========================================================================
Received Import Request.
  Time since last request: 0.000025 seconds.
  path: Assets/Bizulka/Witchs_house/Materials/No Name.mat
  artifactKey: Guid(8831ec43dfc8a3f44b841afd477692f2) Importer(815301076,1909f56bfc062723c751e8b465ee728b)
Start importing Assets/Bizulka/Witchs_house/Materials/No Name.mat using Guid(8831ec43dfc8a3f44b841afd477692f2) Importer(815301076,1909f56bfc062723c751e8b465ee728b)  -> (artifact id: 'a46e805a7fe3375766328ccf383bd9d6') in 0.017978 seconds 
========================================================================
Received Import Request.
  Time since last request: 0.000025 seconds.
  path: Assets/Agile Reaction/Low Poly Style Tree Pack/Models/tree.013.fbx
  artifactKey: Guid(1116226be21546444a571b049bda04bb) Importer(815301076,1909f56bfc062723c751e8b465ee728b)
Start importing Assets/Agile Reaction/Low Poly Style Tree Pack/Models/tree.013.fbx using Guid(1116226be21546444a571b049bda04bb) Importer(815301076,1909f56bfc062723c751e8b465ee728b)  -> (artifact id: 'ba2728c3fd91916c4573883401980860') in 0.024043 seconds 
========================================================================
Received Import Request.
  Time since last request: 0.000020 seconds.
  path: Assets/Bizulka/Witchs_house/Models/vessel_3.fbx
  artifactKey: Guid(db7c85aaa26343042befaf6161c8ae84) Importer(815301076,1909f56bfc062723c751e8b465ee728b)
Start importing Assets/Bizulka/Witchs_house/Models/vessel_3.fbx using Guid(db7c85aaa26343042befaf6161c8ae84) Importer(815301076,1909f56bfc062723c751e8b465ee728b)  -> (artifact id: '89d85877f02f09bdf26a0b07757912fc') in 0.023108 seconds 
========================================================================
Received Import Request.
  Time since last request: 0.000032 seconds.
  path: Assets/Agile Reaction/Low Poly Style Tree Pack/Materials/Leaf.mat
  artifactKey: Guid(e7de5f47eca97814ab11e3f854a6a860) Importer(815301076,1909f56bfc062723c751e8b465ee728b)
Start importing Assets/Agile Reaction/Low Poly Style Tree Pack/Materials/Leaf.mat using Guid(e7de5f47eca97814ab11e3f854a6a860) Importer(815301076,1909f56bfc062723c751e8b465ee728b)  -> (artifact id: '9bc246acfcd4c30afc72869d02c19d99') in 0.018369 seconds 
========================================================================
Received Import Request.
  Time since last request: 0.000033 seconds.
  path: Packages/com.unity.searcher/Editor/Resources/FlatSkin/Font/Roboto-Regular.ttf
  artifactKey: Guid(30dc370b164eefc43b95744fc796dad0) Importer(815301076,1909f56bfc062723c751e8b465ee728b)
Start importing Packages/com.unity.searcher/Editor/Resources/FlatSkin/Font/Roboto-Regular.ttf using Guid(30dc370b164eefc43b95744fc796dad0) Importer(815301076,1909f56bfc062723c751e8b465ee728b)  -> (artifact id: '168b158fc359a84a38ecdd33a6fcfdec') in 0.020505 seconds 
========================================================================
Received Import Request.
  Time since last request: 0.000035 seconds.
  path: Assets/Agile Reaction/Low Poly Style Tree Pack/Materials/Ground.mat
  artifactKey: Guid(6d45f77b4b6b9cf4db8bf45db065e4f6) Importer(815301076,1909f56bfc062723c751e8b465ee728b)
Start importing Assets/Agile Reaction/Low Poly Style Tree Pack/Materials/Ground.mat using Guid(6d45f77b4b6b9cf4db8bf45db065e4f6) Importer(815301076,1909f56bfc062723c751e8b465ee728b)  -> (artifact id: '12ea1867d3f97caeb1af82fc7f3ac194') in 0.017297 seconds 
========================================================================
Received Import Request.
  Time since last request: 0.000025 seconds.
  path: Assets/Agile Reaction/Low Poly Style Tree Pack/Models/tree.019.fbx
  artifactKey: Guid(eac5f2c8f7f568b4aa4a729a3f5c2b39) Importer(815301076,1909f56bfc062723c751e8b465ee728b)
Start importing Assets/Agile Reaction/Low Poly Style Tree Pack/Models/tree.019.fbx using Guid(eac5f2c8f7f568b4aa4a729a3f5c2b39) Importer(815301076,1909f56bfc062723c751e8b465ee728b)  -> (artifact id: 'd970255a784659adce9b5a0569802b4e') in 0.027652 seconds 
========================================================================
Received Import Request.
  Time since last request: 0.000022 seconds.
  path: Assets/Materials/Stam.mat
  artifactKey: Guid(1258dfaf6ad94844abd4baeae6824fae) Importer(815301076,1909f56bfc062723c751e8b465ee728b)
Start importing Assets/Materials/Stam.mat using Guid(1258dfaf6ad94844abd4baeae6824fae) Importer(815301076,1909f56bfc062723c751e8b465ee728b)  -> (artifact id: 'e3720c0b1764c36e6bb8417d503ba6b2') in 0.016535 seconds 
========================================================================
Received Import Request.
  Time since last request: 0.000024 seconds.
  path: Assets/Bizulka/Witchs_house/Models/stool.fbx
  artifactKey: Guid(b9f3d11dae673e743bff5e76460c4b27) Importer(815301076,1909f56bfc062723c751e8b465ee728b)
Start importing Assets/Bizulka/Witchs_house/Models/stool.fbx using Guid(b9f3d11dae673e743bff5e76460c4b27) Importer(815301076,1909f56bfc062723c751e8b465ee728b)  -> (artifact id: 'e3a1157d5cabe09314455724e3dc4116') in 0.026378 seconds 
========================================================================
Received Import Request.
  Time since last request: 0.000036 seconds.
  path: Packages/com.unity.render-pipelines.universal/Runtime/Materials/Sprite-Lit-Default.mat
  artifactKey: Guid(a97c105638bdf8b4a8650670310a4cd3) Importer(815301076,1909f56bfc062723c751e8b465ee728b)
Start importing Packages/com.unity.render-pipelines.universal/Runtime/Materials/Sprite-Lit-Default.mat using Guid(a97c105638bdf8b4a8650670310a4cd3) Importer(815301076,1909f56bfc062723c751e8b465ee728b)  -> (artifact id: 'b4f81a0e98863898335a1317aac59f21') in 0.017736 seconds 
========================================================================
Received Import Request.
  Time since last request: 0.000024 seconds.
  path: Assets/Low Poly Fruits/Materials/Material.001.mat
  artifactKey: Guid(2629bdb5f95d3aa4c8ff0bbc8840c7a5) Importer(815301076,1909f56bfc062723c751e8b465ee728b)
Start importing Assets/Low Poly Fruits/Materials/Material.001.mat using Guid(2629bdb5f95d3aa4c8ff0bbc8840c7a5) Importer(815301076,1909f56bfc062723c751e8b465ee728b)  -> (artifact id: 'b52f3b6a722768d56736a5f07c5ab091') in 0.019660 seconds 
========================================================================
Received Import Request.
  Time since last request: 0.000020 seconds.
  path: Assets/Bizulka/Witchs_house/Materials/Whitchs_house.mat
  artifactKey: Guid(b7bab55e5f5da04428fc05a9271575a9) Importer(815301076,1909f56bfc062723c751e8b465ee728b)
Start importing Assets/Bizulka/Witchs_house/Materials/Whitchs_house.mat using Guid(b7bab55e5f5da04428fc05a9271575a9) Importer(815301076,1909f56bfc062723c751e8b465ee728b)  -> (artifact id: '0301cdf7fe2259da20674e817dd34bb5') in 0.035729 seconds 
========================================================================
Received Import Request.
  Time since last request: 0.000025 seconds.
  path: Assets/Agile Reaction/Low Poly Style Tree Pack/Materials/Leaf 1.mat
  artifactKey: Guid(b3050649035f5d047bd31e226592bb99) Importer(815301076,1909f56bfc062723c751e8b465ee728b)
Start importing Assets/Agile Reaction/Low Poly Style Tree Pack/Materials/Leaf 1.mat using Guid(b3050649035f5d047bd31e226592bb99) Importer(815301076,1909f56bfc062723c751e8b465ee728b)  -> (artifact id: '4aee74c3468e82a9b740165e345c05f5') in 0.015804 seconds 
========================================================================
Received Import Request.
  Time since last request: 0.000050 seconds.
  path: Packages/com.unity.render-pipelines.universal/Runtime/Materials/Lit.mat
  artifactKey: Guid(31321ba15b8f8eb4c954353edc038b1d) Importer(815301076,1909f56bfc062723c751e8b465ee728b)
Start importing Packages/com.unity.render-pipelines.universal/Runtime/Materials/Lit.mat using Guid(31321ba15b8f8eb4c954353edc038b1d) Importer(815301076,1909f56bfc062723c751e8b465ee728b)  -> (artifact id: '899363d2f22e0eed800dbc176e793b27') in 0.021904 seconds 
========================================================================
Received Import Request.
  Time since last request: 0.000027 seconds.
  path: Assets/Materials/Green 2.mat
  artifactKey: Guid(4c1aa8593746d3244b36924edf8793dd) Importer(815301076,1909f56bfc062723c751e8b465ee728b)
Start importing Assets/Materials/Green 2.mat using Guid(4c1aa8593746d3244b36924edf8793dd) Importer(815301076,1909f56bfc062723c751e8b465ee728b)  -> (artifact id: 'a99d6280f64ed31189e9ae9877650d77') in 0.020083 seconds 
========================================================================
Received Import Request.
  Time since last request: 0.000034 seconds.
  path: Assets/Bizulka/Witchs_house/Models/Broom.fbx
  artifactKey: Guid(7afc29f9991e61145a362b3ae4edf13e) Importer(815301076,1909f56bfc062723c751e8b465ee728b)
Start importing Assets/Bizulka/Witchs_house/Models/Broom.fbx using Guid(7afc29f9991e61145a362b3ae4edf13e) Importer(815301076,1909f56bfc062723c751e8b465ee728b)  -> (artifact id: '1abb73ea8d39cfe7d29c24dbf014848a') in 0.023588 seconds 
========================================================================
Received Import Request.
  Time since last request: 0.000028 seconds.
  path: Assets/Agile Reaction/Low Poly Style Tree Pack/Models/tree.014.fbx
  artifactKey: Guid(b4903a63a1be59c43a7cc5e6ebf9b114) Importer(815301076,1909f56bfc062723c751e8b465ee728b)
Start importing Assets/Agile Reaction/Low Poly Style Tree Pack/Models/tree.014.fbx using Guid(b4903a63a1be59c43a7cc5e6ebf9b114) Importer(815301076,1909f56bfc062723c751e8b465ee728b)  -> (artifact id: '48a9517779c629b781b821605aa5d153') in 0.022884 seconds 
========================================================================
Received Import Request.
  Time since last request: 0.000033 seconds.
  path: Packages/com.unity.render-pipelines.core/Runtime/Debugging/Prefabs/Fonts/PerfectDOSVGA437.ttf
  artifactKey: Guid(74a5091d8707f334b9a5c31ef71a64ba) Importer(815301076,1909f56bfc062723c751e8b465ee728b)
Start importing Packages/com.unity.render-pipelines.core/Runtime/Debugging/Prefabs/Fonts/PerfectDOSVGA437.ttf using Guid(74a5091d8707f334b9a5c31ef71a64ba) Importer(815301076,1909f56bfc062723c751e8b465ee728b)  -> (artifact id: '3202e5e7eb1da27108193f8bcc311cfa') in 0.020200 seconds 
========================================================================
Received Import Request.
  Time since last request: 0.000021 seconds.
  path: Assets/Agile Reaction/Low Poly Style Tree Pack/Models/tree.002.fbx
  artifactKey: Guid(a7bd81f11399b9644bcc0e2e72000e64) Importer(815301076,1909f56bfc062723c751e8b465ee728b)
Start importing Assets/Agile Reaction/Low Poly Style Tree Pack/Models/tree.002.fbx using Guid(a7bd81f11399b9644bcc0e2e72000e64) Importer(815301076,1909f56bfc062723c751e8b465ee728b)  -> (artifact id: '04133bd2dfbb3bf78bb1d4f39b6395ef') in 0.024455 seconds 
========================================================================
Received Import Request.
  Time since last request: 0.000022 seconds.
  path: Packages/com.unity.searcher/Editor/Resources/FlatSkin/Font/Roboto-BlackItalic.ttf
  artifactKey: Guid(f95147a9bab9fe649b8070170fa7ebd2) Importer(815301076,1909f56bfc062723c751e8b465ee728b)
Start importing Packages/com.unity.searcher/Editor/Resources/FlatSkin/Font/Roboto-BlackItalic.ttf using Guid(f95147a9bab9fe649b8070170fa7ebd2) Importer(815301076,1909f56bfc062723c751e8b465ee728b)  -> (artifact id: '40ad3b9ca9a8b60a3c69025ba0bf2dba') in 0.022553 seconds 
========================================================================
Received Import Request.
  Time since last request: 0.000065 seconds.
  path: Assets/Materials/Green 4.mat
  artifactKey: Guid(8c21e3486e9f8b3498dbbe207f149e61) Importer(815301076,1909f56bfc062723c751e8b465ee728b)
Start importing Assets/Materials/Green 4.mat using Guid(8c21e3486e9f8b3498dbbe207f149e61) Importer(815301076,1909f56bfc062723c751e8b465ee728b)  -> (artifact id: '4b5919ea0464d9c258ac93ac0d9e711d') in 0.019462 seconds 
========================================================================
Received Import Request.
  Time since last request: 0.000028 seconds.
  path: Assets/Agile Reaction/Low Poly Style Tree Pack/Materials/Snow.mat
  artifactKey: Guid(e807871a24f349a40b24f724d64b404c) Importer(815301076,1909f56bfc062723c751e8b465ee728b)
Start importing Assets/Agile Reaction/Low Poly Style Tree Pack/Materials/Snow.mat using Guid(e807871a24f349a40b24f724d64b404c) Importer(815301076,1909f56bfc062723c751e8b465ee728b)  -> (artifact id: '473d16ffcdb8367bc6e045ccbf2149c8') in 0.015941 seconds 
========================================================================
Received Import Request.
  Time since last request: 0.000032 seconds.
  path: Packages/com.unity.render-pipelines.universal/Runtime/Materials/ParticlesUnlit.mat
  artifactKey: Guid(e823cd5b5d27c0f4b8256e7c12ee3e6d) Importer(815301076,1909f56bfc062723c751e8b465ee728b)
Start importing Packages/com.unity.render-pipelines.universal/Runtime/Materials/ParticlesUnlit.mat using Guid(e823cd5b5d27c0f4b8256e7c12ee3e6d) Importer(815301076,1909f56bfc062723c751e8b465ee728b)  -> (artifact id: '2505489b6d390c0cb4afc35a67e6def1') in 0.138426 seconds 
========================================================================
Received Import Request.
  Time since last request: 0.000034 seconds.
  path: Assets/Agile Reaction/Low Poly Style Tree Pack/Models/tree.006.fbx
  artifactKey: Guid(708cff8be33e7c048bff190253726dfc) Importer(815301076,1909f56bfc062723c751e8b465ee728b)
Start importing Assets/Agile Reaction/Low Poly Style Tree Pack/Models/tree.006.fbx using Guid(708cff8be33e7c048bff190253726dfc) Importer(815301076,1909f56bfc062723c751e8b465ee728b)  -> (artifact id: '88a12f69d3e1468e1c5c97b3387f8a2f') in 0.023368 seconds 
========================================================================
Received Import Request.
  Time since last request: 0.000027 seconds.
  path: Assets/Agile Reaction/Low Poly Style Tree Pack/Models/tree.008.fbx
  artifactKey: Guid(9cc653c807671fb4fafc4af81f4363c1) Importer(815301076,1909f56bfc062723c751e8b465ee728b)
Start importing Assets/Agile Reaction/Low Poly Style Tree Pack/Models/tree.008.fbx using Guid(9cc653c807671fb4fafc4af81f4363c1) Importer(815301076,1909f56bfc062723c751e8b465ee728b)  -> (artifact id: '5d4e8f62ae6c6f1e8b8c5b849239022c') in 0.027253 seconds 
========================================================================
Received Import Request.
  Time since last request: 0.000029 seconds.
  path: Assets/Bizulka/Witchs_house/Plane.mat
  artifactKey: Guid(09633a1e5f65f4543a8e599e3d43610d) Importer(815301076,1909f56bfc062723c751e8b465ee728b)
Start importing Assets/Bizulka/Witchs_house/Plane.mat using Guid(09633a1e5f65f4543a8e599e3d43610d) Importer(815301076,1909f56bfc062723c751e8b465ee728b)  -> (artifact id: 'ad83c0fbb0d47952cf03236edbf26eeb') in 0.017136 seconds 
========================================================================
Received Import Request.
  Time since last request: 0.000037 seconds.
  path: Assets/Bizulka/Witchs_house/Models/frewood_1.fbx
  artifactKey: Guid(40cd11802fc33f548a817ee6288b0595) Importer(815301076,1909f56bfc062723c751e8b465ee728b)
Start importing Assets/Bizulka/Witchs_house/Models/frewood_1.fbx using Guid(40cd11802fc33f548a817ee6288b0595) Importer(815301076,1909f56bfc062723c751e8b465ee728b)  -> (artifact id: '4cbc0ba78b6dc91840984387754e5676') in 0.023137 seconds 
========================================================================
Received Import Request.
  Time since last request: 0.000027 seconds.
  path: Assets/Agile Reaction/Low Poly Style Tree Pack/Models/tree.009.fbx
  artifactKey: Guid(c3685bff891ef4c458c7bb1075ba85de) Importer(815301076,1909f56bfc062723c751e8b465ee728b)
Start importing Assets/Agile Reaction/Low Poly Style Tree Pack/Models/tree.009.fbx using Guid(c3685bff891ef4c458c7bb1075ba85de) Importer(815301076,1909f56bfc062723c751e8b465ee728b)  -> (artifact id: '320e35f989acdfb244e25cf48e7fdbca') in 0.025604 seconds 
========================================================================
Received Import Request.
  Time since last request: 0.000028 seconds.
  path: Packages/com.unity.searcher/Editor/Resources/FlatSkin/Font/Roboto-Bold.ttf
  artifactKey: Guid(3750c318f40cab44a97d3a81beaefeb3) Importer(815301076,1909f56bfc062723c751e8b465ee728b)
Start importing Packages/com.unity.searcher/Editor/Resources/FlatSkin/Font/Roboto-Bold.ttf using Guid(3750c318f40cab44a97d3a81beaefeb3) Importer(815301076,1909f56bfc062723c751e8b465ee728b)  -> (artifact id: 'cae3066374d8a6102b4a33ab9c9b9ff1') in 0.020536 seconds 
========================================================================
Received Import Request.
  Time since last request: 0.000026 seconds.
  path: Packages/com.unity.searcher/Editor/Resources/FlatSkin/Font/Roboto-Italic.ttf
  artifactKey: Guid(c839255fc8f6b4b4d90bf8c1af9f9bd1) Importer(815301076,1909f56bfc062723c751e8b465ee728b)
Start importing Packages/com.unity.searcher/Editor/Resources/FlatSkin/Font/Roboto-Italic.ttf using Guid(c839255fc8f6b4b4d90bf8c1af9f9bd1) Importer(815301076,1909f56bfc062723c751e8b465ee728b)  -> (artifact id: '6bf2437d4eb006ee2d8266271f85b8bd') in 0.020370 seconds 
========================================================================
Received Import Request.
  Time since last request: 0.000024 seconds.
  path: Assets/Bizulka/Witchs_house/Models/Witchs_house.fbx
  artifactKey: Guid(1da38fb91a9e9104681f0446eea03f14) Importer(815301076,1909f56bfc062723c751e8b465ee728b)
Start importing Assets/Bizulka/Witchs_house/Models/Witchs_house.fbx using Guid(1da38fb91a9e9104681f0446eea03f14) Importer(815301076,1909f56bfc062723c751e8b465ee728b)  -> (artifact id: 'e220cfdff702c9598a6d680339d3f07a') in 0.024783 seconds 
========================================================================
Received Import Request.
  Time since last request: 0.000029 seconds.
  path: Packages/com.unity.searcher/Editor/Resources/FlatSkin/Font/Roboto-ThinItalic.ttf
  artifactKey: Guid(b2ea3b3f1765e544b9eb5bd1a93a91ce) Importer(815301076,1909f56bfc062723c751e8b465ee728b)
Start importing Packages/com.unity.searcher/Editor/Resources/FlatSkin/Font/Roboto-ThinItalic.ttf using Guid(b2ea3b3f1765e544b9eb5bd1a93a91ce) Importer(815301076,1909f56bfc062723c751e8b465ee728b)  -> (artifact id: 'b46797380ea9b6fdced6ce83f3458714') in 0.021278 seconds 
========================================================================
Received Import Request.
  Time since last request: 0.000024 seconds.
  path: Assets/Bizulka/Witchs_house/Models/Pointer.fbx
  artifactKey: Guid(5fee5a7b5f6a35647857cc4a02a1d72b) Importer(815301076,1909f56bfc062723c751e8b465ee728b)
Start importing Assets/Bizulka/Witchs_house/Models/Pointer.fbx using Guid(5fee5a7b5f6a35647857cc4a02a1d72b) Importer(815301076,1909f56bfc062723c751e8b465ee728b)  -> (artifact id: 'e584288ea32b5228ddd76713cd124904') in 0.022504 seconds 
========================================================================
Received Import Request.
  Time since last request: 0.000027 seconds.
  path: Assets/Materials/test toon.mat
  artifactKey: Guid(35db351e2a9c65d429c19ed8fd223dd2) Importer(815301076,1909f56bfc062723c751e8b465ee728b)
Start importing Assets/Materials/test toon.mat using Guid(35db351e2a9c65d429c19ed8fd223dd2) Importer(815301076,1909f56bfc062723c751e8b465ee728b)  -> (artifact id: '5fc8723b0034c9c2d5d4998c50eceac3') in 0.016318 seconds 
========================================================================
Received Import Request.
  Time since last request: 0.000039 seconds.
  path: Packages/com.unity.render-pipelines.universal/Runtime/Materials/Decal.mat
  artifactKey: Guid(31d0dcc6f2dd4e4408d18036a2c93862) Importer(815301076,1909f56bfc062723c751e8b465ee728b)
Start importing Packages/com.unity.render-pipelines.universal/Runtime/Materials/Decal.mat using Guid(31d0dcc6f2dd4e4408d18036a2c93862) Importer(815301076,1909f56bfc062723c751e8b465ee728b)  -> (artifact id: 'a9d53b67d21362fe8a4a6fd47e3074fd') in 0.020288 seconds 
========================================================================
Received Import Request.
  Time since last request: 0.000026 seconds.
  path: Assets/Bizulka/Witchs_house/Models/axe.fbx
  artifactKey: Guid(db8bccf463bb4634d83716f3efd4d455) Importer(815301076,1909f56bfc062723c751e8b465ee728b)
Start importing Assets/Bizulka/Witchs_house/Models/axe.fbx using Guid(db8bccf463bb4634d83716f3efd4d455) Importer(815301076,1909f56bfc062723c751e8b465ee728b)  -> (artifact id: '186e9c095a14a69110cf8fd3c4213301') in 0.024338 seconds 
========================================================================
Received Import Request.
  Time since last request: 0.000027 seconds.
  path: Assets/Agile Reaction/Low Poly Style Tree Pack/Models/tree.007.fbx
  artifactKey: Guid(8638864c776b4aa418e0737f03d85fb0) Importer(815301076,1909f56bfc062723c751e8b465ee728b)
Start importing Assets/Agile Reaction/Low Poly Style Tree Pack/Models/tree.007.fbx using Guid(8638864c776b4aa418e0737f03d85fb0) Importer(815301076,1909f56bfc062723c751e8b465ee728b)  -> (artifact id: '0c767c3c397e0c6f55c17d0bd6271e74') in 0.021497 seconds 
========================================================================
Received Import Request.
  Time since last request: 0.000020 seconds.
  path: Packages/com.unity.render-pipelines.universal/Runtime/Materials/SpriteMask-Default.mat
  artifactKey: Guid(15d0c3709176029428a0da2f8cecf0b5) Importer(815301076,1909f56bfc062723c751e8b465ee728b)
Start importing Packages/com.unity.render-pipelines.universal/Runtime/Materials/SpriteMask-Default.mat using Guid(15d0c3709176029428a0da2f8cecf0b5) Importer(815301076,1909f56bfc062723c751e8b465ee728b)  -> (artifact id: '90a504bac5e03d99b3db928bd2c90421') in 0.017257 seconds 
========================================================================
Received Import Request.
  Time since last request: 0.000025 seconds.
  path: Assets/Bizulka/Witchs_house/Models/frewood.fbx
  artifactKey: Guid(bc93e298495204441b33343ed5864074) Importer(815301076,1909f56bfc062723c751e8b465ee728b)
Start importing Assets/Bizulka/Witchs_house/Models/frewood.fbx using Guid(bc93e298495204441b33343ed5864074) Importer(815301076,1909f56bfc062723c751e8b465ee728b)  -> (artifact id: '5b548eadd526fb5143489d1967c05c71') in 0.020213 seconds 
========================================================================
Received Import Request.
  Time since last request: 0.000029 seconds.
  path: Packages/com.unity.render-pipelines.universal/Runtime/Materials/SpatialMappingWireframe.mat
  artifactKey: Guid(9875a245ac49007498213638a307faa1) Importer(815301076,1909f56bfc062723c751e8b465ee728b)
Start importing Packages/com.unity.render-pipelines.universal/Runtime/Materials/SpatialMappingWireframe.mat using Guid(9875a245ac49007498213638a307faa1) Importer(815301076,1909f56bfc062723c751e8b465ee728b)  -> (artifact id: 'f758a65d3200902e56a5b1c39aa19f11') in 0.016364 seconds 
========================================================================
Received Import Request.
  Time since last request: 0.000027 seconds.
  path: Assets/Bizulka/Witchs_house/Models/vessel_2.fbx
  artifactKey: Guid(fdd0bec999c3fae4aa730f3391638df5) Importer(815301076,1909f56bfc062723c751e8b465ee728b)
Start importing Assets/Bizulka/Witchs_house/Models/vessel_2.fbx using Guid(fdd0bec999c3fae4aa730f3391638df5) Importer(815301076,1909f56bfc062723c751e8b465ee728b)  -> (artifact id: 'e448bfc49039f9946336dee7aba22b37') in 0.023811 seconds 
========================================================================
Received Import Request.
  Time since last request: 0.000024 seconds.
  path: Assets/Agile Reaction/Low Poly Style Tree Pack/Models/tree.000.fbx
  artifactKey: Guid(3a03b01785d6d5a4997461eba94e9ee8) Importer(815301076,1909f56bfc062723c751e8b465ee728b)
Start importing Assets/Agile Reaction/Low Poly Style Tree Pack/Models/tree.000.fbx using Guid(3a03b01785d6d5a4997461eba94e9ee8) Importer(815301076,1909f56bfc062723c751e8b465ee728b)  -> (artifact id: '69ce5768db1fdbf4f0e31bc00692593e') in 0.021714 seconds 
========================================================================
Received Import Request.
  Time since last request: 0.000025 seconds.
  path: Packages/com.unity.render-pipelines.core/Editor/Resources/DebugProbe.fbx
  artifactKey: Guid(9e1c97fc44f9a8744b61b58f72c56de4) Importer(815301076,1909f56bfc062723c751e8b465ee728b)
Start importing Packages/com.unity.render-pipelines.core/Editor/Resources/DebugProbe.fbx using Guid(9e1c97fc44f9a8744b61b58f72c56de4) Importer(815301076,1909f56bfc062723c751e8b465ee728b)  -> (artifact id: '501491faf3b739bf7f496e7e1fd5f831') in 0.022834 seconds 
========================================================================
Received Import Request.
  Time since last request: 0.000035 seconds.
  path: Assets/Bizulka/Witchs_house/Models/Stones.fbx
  artifactKey: Guid(9e87ef85d624aa74b964f4ea9d9e517b) Importer(815301076,1909f56bfc062723c751e8b465ee728b)
Start importing Assets/Bizulka/Witchs_house/Models/Stones.fbx using Guid(9e87ef85d624aa74b964f4ea9d9e517b) Importer(815301076,1909f56bfc062723c751e8b465ee728b)  -> (artifact id: '973d9ca4b9b5d670dc5d3f4fb766cc86') in 0.019969 seconds 
========================================================================
Received Import Request.
  Time since last request: 0.000026 seconds.
  path: Assets/Agile Reaction/Low Poly Style Tree Pack/Models/tree.004.fbx
  artifactKey: Guid(cf2fa31432399e64ea0feb6816dca86e) Importer(815301076,1909f56bfc062723c751e8b465ee728b)
Start importing Assets/Agile Reaction/Low Poly Style Tree Pack/Models/tree.004.fbx using Guid(cf2fa31432399e64ea0feb6816dca86e) Importer(815301076,1909f56bfc062723c751e8b465ee728b)  -> (artifact id: '76e15f78073ffd569f661f09ec813e7d') in 0.023168 seconds 
========================================================================
Received Import Request.
  Time since last request: 0.000025 seconds.
  path: Assets/Agile Reaction/Low Poly Style Tree Pack/Models/tree.010.fbx
  artifactKey: Guid(71deb73a6e7caf444baaf0d9d55f0239) Importer(815301076,1909f56bfc062723c751e8b465ee728b)
Start importing Assets/Agile Reaction/Low Poly Style Tree Pack/Models/tree.010.fbx using Guid(71deb73a6e7caf444baaf0d9d55f0239) Importer(815301076,1909f56bfc062723c751e8b465ee728b)  -> (artifact id: 'fb8d595119d4776d4bddfe333ddac990') in 0.023554 seconds 
========================================================================
Received Import Request.
  Time since last request: 0.000034 seconds.
  path: Assets/Bizulka/Witchs_house/Models/vessel.fbx
  artifactKey: Guid(1ed9919fe6b9f5649accde60593660ef) Importer(815301076,1909f56bfc062723c751e8b465ee728b)
Start importing Assets/Bizulka/Witchs_house/Models/vessel.fbx using Guid(1ed9919fe6b9f5649accde60593660ef) Importer(815301076,1909f56bfc062723c751e8b465ee728b)  -> (artifact id: '3673a73ad2bf69717749602268d7aec6') in 0.021309 seconds 
========================================================================
Received Import Request.
  Time since last request: 0.000045 seconds.
  path: Assets/Agile Reaction/Low Poly Style Tree Pack/Models/tree.016.fbx
  artifactKey: Guid(23a9d718f2b838042802123251611d95) Importer(815301076,1909f56bfc062723c751e8b465ee728b)
Start importing Assets/Agile Reaction/Low Poly Style Tree Pack/Models/tree.016.fbx using Guid(23a9d718f2b838042802123251611d95) Importer(815301076,1909f56bfc062723c751e8b465ee728b)  -> (artifact id: '37d7431401370e419afa413dd528122f') in 0.024955 seconds 
========================================================================
Received Import Request.
  Time since last request: 0.000070 seconds.
  path: Assets/Materials/Grond.mat
  artifactKey: Guid(d8ff5b6d99ae4fb47b4767de93adee71) Importer(815301076,1909f56bfc062723c751e8b465ee728b)
Start importing Assets/Materials/Grond.mat using Guid(d8ff5b6d99ae4fb47b4767de93adee71) Importer(815301076,1909f56bfc062723c751e8b465ee728b)  -> (artifact id: '03f1bbb3159a0a79e69ac2fd4118142e') in 0.019802 seconds 
========================================================================
Received Import Request.
  Time since last request: 0.000031 seconds.
  path: Assets/Bizulka/Witchs_house/Models/vessel_1.fbx
  artifactKey: Guid(c7764da22a5c85f448a422fe9a9576f8) Importer(815301076,1909f56bfc062723c751e8b465ee728b)
Start importing Assets/Bizulka/Witchs_house/Models/vessel_1.fbx using Guid(c7764da22a5c85f448a422fe9a9576f8) Importer(815301076,1909f56bfc062723c751e8b465ee728b)  -> (artifact id: '7ab5aec77492114ff062b165743c361d') in 0.021703 seconds 
========================================================================
Received Import Request.
  Time since last request: 0.000024 seconds.
  path: Packages/com.unity.searcher/Editor/Resources/FlatSkin/Font/Roboto-Medium.ttf
  artifactKey: Guid(a51a3aebb43ac044989270407476b208) Importer(815301076,1909f56bfc062723c751e8b465ee728b)
Start importing Packages/com.unity.searcher/Editor/Resources/FlatSkin/Font/Roboto-Medium.ttf using Guid(a51a3aebb43ac044989270407476b208) Importer(815301076,1909f56bfc062723c751e8b465ee728b)  -> (artifact id: 'a2ed99fcab5840876a77e3f7005c2627') in 0.020866 seconds 
========================================================================
Received Import Request.
  Time since last request: 0.000026 seconds.
  path: Assets/Materials/Green 3.mat
  artifactKey: Guid(7d6e9c1cb2e00374ea4932d8c78055df) Importer(815301076,1909f56bfc062723c751e8b465ee728b)
Start importing Assets/Materials/Green 3.mat using Guid(7d6e9c1cb2e00374ea4932d8c78055df) Importer(815301076,1909f56bfc062723c751e8b465ee728b)  -> (artifact id: '327429b557c05cafc8741e71c09a6684') in 0.018422 seconds 
========================================================================
Received Import Request.
  Time since last request: 0.000029 seconds.
  path: Packages/com.unity.searcher/Editor/Resources/FlatSkin/Font/Roboto-Light.ttf
  artifactKey: Guid(2a29e27936eb547458f646f71125b264) Importer(815301076,1909f56bfc062723c751e8b465ee728b)
Start importing Packages/com.unity.searcher/Editor/Resources/FlatSkin/Font/Roboto-Light.ttf using Guid(2a29e27936eb547458f646f71125b264) Importer(815301076,1909f56bfc062723c751e8b465ee728b)  -> (artifact id: '1d391c066ddf1cf7308c3121cb0e910d') in 0.022570 seconds 
========================================================================
Received Import Request.
  Time since last request: 0.000037 seconds.
  path: Assets/Materials/fruit.mat
  artifactKey: Guid(4aadb87c55df70645a565b1f946c2d41) Importer(815301076,1909f56bfc062723c751e8b465ee728b)
Start importing Assets/Materials/fruit.mat using Guid(4aadb87c55df70645a565b1f946c2d41) Importer(815301076,1909f56bfc062723c751e8b465ee728b)  -> (artifact id: 'bfd81258a2305e0c90a6f8ce50c2df6f') in 0.020625 seconds 
========================================================================
Received Import Request.
  Time since last request: 0.000030 seconds.
  path: Packages/com.unity.searcher/Editor/Resources/FlatSkin/Font/Roboto-LightItalic.ttf
  artifactKey: Guid(5e63515167650a541b309ba3bfd4db3d) Importer(815301076,1909f56bfc062723c751e8b465ee728b)
Start importing Packages/com.unity.searcher/Editor/Resources/FlatSkin/Font/Roboto-LightItalic.ttf using Guid(5e63515167650a541b309ba3bfd4db3d) Importer(815301076,1909f56bfc062723c751e8b465ee728b)  -> (artifact id: '2bb74bfc711c7e6a8835de9375e251ae') in 0.022059 seconds 
========================================================================
Received Import Request.
  Time since last request: 57.561034 seconds.
  path: Assets/appel2.prefab
  artifactKey: Guid(5ebc651c2dbee344a8321ef1a4556ab1) Importer(815301076,1909f56bfc062723c751e8b465ee728b)
Start importing Assets/appel2.prefab using Guid(5ebc651c2dbee344a8321ef1a4556ab1) Importer(815301076,1909f56bfc062723c751e8b465ee728b)  -> (artifact id: '23135193e8deb6665c0417d5aaeaa5d5') in 0.021849 seconds 
========================================================================
Received Import Request.
  Time since last request: 83.183364 seconds.
  path: Assets/Materials/Green 2.mat
  artifactKey: Guid(4c1aa8593746d3244b36924edf8793dd) Importer(815301076,1909f56bfc062723c751e8b465ee728b)
Start importing Assets/Materials/Green 2.mat using Guid(4c1aa8593746d3244b36924edf8793dd) Importer(815301076,1909f56bfc062723c751e8b465ee728b)  -> (artifact id: '92f5530e6550d44620a5563e2a206b9b') in 0.010280 seconds 
========================================================================
Received Prepare
Registering precompiled user dll's ...
Registered in 0.008452 seconds.
Begin MonoManager ReloadAssembly
Native extension for WindowsStandalone target not found
Native extension for WebGL target not found
Refreshing native plugins compatible for Editor in 0.60 ms, found 2 plugins.
Preloading 0 native plugins for Editor in 0.00 ms.
Mono: successfully reloaded assembly
- Completed reload, in  1.095 seconds
Domain Reload Profiling:
	ReloadAssembly (1095ms)
		BeginReloadAssembly (132ms)
			ExecutionOrderSort (0ms)
			DisableScriptedObjects (7ms)
			BackupInstance (0ms)
			ReleaseScriptingObjects (0ms)
			CreateAndSetChildDomain (32ms)
		EndReloadAssembly (867ms)
			LoadAssemblies (85ms)
			RebuildTransferFunctionScriptingTraits (0ms)
			SetupTypeCache (222ms)
			ReleaseScriptCaches (1ms)
			RebuildScriptCaches (43ms)
			SetupLoadedEditorAssemblies (447ms)
				LogAssemblyErrors (0ms)
				InitializePlatformSupportModulesInManaged (14ms)
				SetLoadedEditorAssemblies (0ms)
				RefreshPlugins (1ms)
				BeforeProcessingInitializeOnLoad (81ms)
				ProcessInitializeOnLoadAttributes (250ms)
				ProcessInitializeOnLoadMethodAttributes (90ms)
				AfterProcessingInitializeOnLoad (11ms)
				EditorAssembliesLoaded (0ms)
			ExecutionOrderSort2 (0ms)
			AwakeInstancesAfterBackupRestoration (13ms)
Platform modules already initialized, skipping
Refreshing native plugins compatible for Editor in 1.92 ms, found 2 plugins.
Preloading 0 native plugins for Editor in 0.00 ms.
Unloading 3349 Unused Serialized files (Serialized files now loaded: 0)
Unloading 23 unused Assets / (0.7 MB). Loaded Objects now: 4030.
Memory consumption went from 157.7 MB to 157.0 MB.
Total: 3.547300 ms (FindLiveObjects: 0.272100 ms CreateObjectMapping: 0.225100 ms MarkObjects: 2.704100 ms  DeleteObjects: 0.344800 ms)

AssetImportParameters requested are different than current active one (requested -> active):
  custom:video-decoder-ogg-theora: a1e56fd34408186e4bbccfd4996cb3dc -> 
  custom:container-muxer-webm: aa71ff27fc2769a1b78a27578f13a17b -> 
  custom:container-demuxer-webm: 4f35f7cbe854078d1ac9338744f61a02 -> 
  custom:video-encoder-webm-vp8: eb34c28f22e8b96e1ab97ce403110664 -> 
  custom:video-codec-MediaFoundation-h265: 746d11721c4dcdbdad8f713fa42b33f4 -> 
  custom:audio-encoder-webm-vorbis: bf7c407c2cedff20999df2af8eb42d56 -> 
  custom:framework-win-MediaFoundation: 216162199b28c13a410421893ffa2e32 -> 
  custom:container-demuxer-ogg: 62fdf1f143b41e24485cea50d1cbac27 -> 
  custom:video-decoder-webm-vp8: 9c59270c3fd7afecdb556c50c9e8de78 -> 
  custom:audio-decoder-ogg-vorbis: bf7c407c2cedff20999df2af8eb42d56 -> 
========================================================================
Received Prepare
Registering precompiled user dll's ...
Registered in 0.008124 seconds.
Begin MonoManager ReloadAssembly
Native extension for WindowsStandalone target not found
Native extension for WebGL target not found
Refreshing native plugins compatible for Editor in 0.69 ms, found 2 plugins.
Preloading 0 native plugins for Editor in 0.00 ms.
Mono: successfully reloaded assembly
- Completed reload, in  1.101 seconds
Domain Reload Profiling:
	ReloadAssembly (1102ms)
		BeginReloadAssembly (131ms)
			ExecutionOrderSort (0ms)
			DisableScriptedObjects (6ms)
			BackupInstance (0ms)
			ReleaseScriptingObjects (0ms)
			CreateAndSetChildDomain (31ms)
		EndReloadAssembly (872ms)
			LoadAssemblies (87ms)
			RebuildTransferFunctionScriptingTraits (0ms)
			SetupTypeCache (225ms)
			ReleaseScriptCaches (1ms)
			RebuildScriptCaches (40ms)
			SetupLoadedEditorAssemblies (455ms)
				LogAssemblyErrors (0ms)
				InitializePlatformSupportModulesInManaged (14ms)
				SetLoadedEditorAssemblies (0ms)
				RefreshPlugins (1ms)
				BeforeProcessingInitializeOnLoad (81ms)
				ProcessInitializeOnLoadAttributes (251ms)
				ProcessInitializeOnLoadMethodAttributes (96ms)
				AfterProcessingInitializeOnLoad (13ms)
				EditorAssembliesLoaded (0ms)
			ExecutionOrderSort2 (0ms)
			AwakeInstancesAfterBackupRestoration (12ms)
Platform modules already initialized, skipping
Refreshing native plugins compatible for Editor in 2.64 ms, found 2 plugins.
Preloading 0 native plugins for Editor in 0.00 ms.
Unloading 3350 Unused Serialized files (Serialized files now loaded: 0)
Unloading 22 unused Assets / (0.7 MB). Loaded Objects now: 4033.
Memory consumption went from 157.8 MB to 157.1 MB.
Total: 3.611100 ms (FindLiveObjects: 0.297500 ms CreateObjectMapping: 0.198200 ms MarkObjects: 2.758200 ms  DeleteObjects: 0.356400 ms)

AssetImportParameters requested are different than current active one (requested -> active):
  custom:video-decoder-ogg-theora: a1e56fd34408186e4bbccfd4996cb3dc -> 
  custom:container-muxer-webm: aa71ff27fc2769a1b78a27578f13a17b -> 
  custom:container-demuxer-webm: 4f35f7cbe854078d1ac9338744f61a02 -> 
  custom:video-encoder-webm-vp8: eb34c28f22e8b96e1ab97ce403110664 -> 
  custom:video-codec-MediaFoundation-h265: 746d11721c4dcdbdad8f713fa42b33f4 -> 
  custom:audio-encoder-webm-vorbis: bf7c407c2cedff20999df2af8eb42d56 -> 
  custom:framework-win-MediaFoundation: 216162199b28c13a410421893ffa2e32 -> 
  custom:container-demuxer-ogg: 62fdf1f143b41e24485cea50d1cbac27 -> 
  custom:video-decoder-webm-vp8: 9c59270c3fd7afecdb556c50c9e8de78 -> 
  custom:audio-decoder-ogg-vorbis: bf7c407c2cedff20999df2af8eb42d56 -> 
========================================================================
Received Prepare
Registering precompiled user dll's ...
Registered in 0.008543 seconds.
Begin MonoManager ReloadAssembly
Native extension for WindowsStandalone target not found
Native extension for WebGL target not found
Refreshing native plugins compatible for Editor in 1.06 ms, found 2 plugins.
Preloading 0 native plugins for Editor in 0.00 ms.
Mono: successfully reloaded assembly
- Completed reload, in  1.112 seconds
Domain Reload Profiling:
	ReloadAssembly (1112ms)
		BeginReloadAssembly (134ms)
			ExecutionOrderSort (0ms)
			DisableScriptedObjects (6ms)
			BackupInstance (0ms)
			ReleaseScriptingObjects (0ms)
			CreateAndSetChildDomain (32ms)
		EndReloadAssembly (875ms)
			LoadAssemblies (88ms)
			RebuildTransferFunctionScriptingTraits (0ms)
			SetupTypeCache (220ms)
			ReleaseScriptCaches (1ms)
			RebuildScriptCaches (42ms)
			SetupLoadedEditorAssemblies (454ms)
				LogAssemblyErrors (0ms)
				InitializePlatformSupportModulesInManaged (16ms)
				SetLoadedEditorAssemblies (1ms)
				RefreshPlugins (1ms)
				BeforeProcessingInitializeOnLoad (77ms)
				ProcessInitializeOnLoadAttributes (254ms)
				ProcessInitializeOnLoadMethodAttributes (95ms)
				AfterProcessingInitializeOnLoad (11ms)
				EditorAssembliesLoaded (0ms)
			ExecutionOrderSort2 (0ms)
			AwakeInstancesAfterBackupRestoration (12ms)
Platform modules already initialized, skipping
Refreshing native plugins compatible for Editor in 2.16 ms, found 2 plugins.
Preloading 0 native plugins for Editor in 0.00 ms.
Unloading 3350 Unused Serialized files (Serialized files now loaded: 0)
Unloading 22 unused Assets / (0.7 MB). Loaded Objects now: 4036.
Memory consumption went from 157.8 MB to 157.1 MB.
Total: 3.031700 ms (FindLiveObjects: 0.259100 ms CreateObjectMapping: 0.160200 ms MarkObjects: 2.307100 ms  DeleteObjects: 0.304400 ms)

AssetImportParameters requested are different than current active one (requested -> active):
  custom:video-decoder-ogg-theora: a1e56fd34408186e4bbccfd4996cb3dc -> 
  custom:container-muxer-webm: aa71ff27fc2769a1b78a27578f13a17b -> 
  custom:container-demuxer-webm: 4f35f7cbe854078d1ac9338744f61a02 -> 
  custom:video-encoder-webm-vp8: eb34c28f22e8b96e1ab97ce403110664 -> 
  custom:video-codec-MediaFoundation-h265: 746d11721c4dcdbdad8f713fa42b33f4 -> 
  custom:audio-encoder-webm-vorbis: bf7c407c2cedff20999df2af8eb42d56 -> 
  custom:framework-win-MediaFoundation: 216162199b28c13a410421893ffa2e32 -> 
  custom:container-demuxer-ogg: 62fdf1f143b41e24485cea50d1cbac27 -> 
  custom:video-decoder-webm-vp8: 9c59270c3fd7afecdb556c50c9e8de78 -> 
  custom:audio-decoder-ogg-vorbis: bf7c407c2cedff20999df2af8eb42d56 -> 
========================================================================
Received Prepare
Registering precompiled user dll's ...
Registered in 0.008215 seconds.
Begin MonoManager ReloadAssembly
Native extension for WindowsStandalone target not found
Native extension for WebGL target not found
Refreshing native plugins compatible for Editor in 0.98 ms, found 2 plugins.
Preloading 0 native plugins for Editor in 0.00 ms.
Mono: successfully reloaded assembly
- Completed reload, in  1.243 seconds
Domain Reload Profiling:
	ReloadAssembly (1245ms)
		BeginReloadAssembly (153ms)
			ExecutionOrderSort (0ms)
			DisableScriptedObjects (8ms)
			BackupInstance (0ms)
			ReleaseScriptingObjects (0ms)
			CreateAndSetChildDomain (37ms)
		EndReloadAssembly (977ms)
			LoadAssemblies (108ms)
			RebuildTransferFunctionScriptingTraits (0ms)
			SetupTypeCache (283ms)
			ReleaseScriptCaches (3ms)
			RebuildScriptCaches (59ms)
			SetupLoadedEditorAssemblies (438ms)
				LogAssemblyErrors (0ms)
				InitializePlatformSupportModulesInManaged (17ms)
				SetLoadedEditorAssemblies (1ms)
				RefreshPlugins (1ms)
				BeforeProcessingInitializeOnLoad (72ms)
				ProcessInitializeOnLoadAttributes (225ms)
				ProcessInitializeOnLoadMethodAttributes (110ms)
				AfterProcessingInitializeOnLoad (12ms)
				EditorAssembliesLoaded (0ms)
			ExecutionOrderSort2 (0ms)
			AwakeInstancesAfterBackupRestoration (12ms)
Platform modules already initialized, skipping
Refreshing native plugins compatible for Editor in 2.04 ms, found 2 plugins.
Preloading 0 native plugins for Editor in 0.00 ms.
Unloading 3350 Unused Serialized files (Serialized files now loaded: 0)
Unloading 22 unused Assets / (0.7 MB). Loaded Objects now: 4039.
Memory consumption went from 157.8 MB to 157.1 MB.
Total: 4.085700 ms (FindLiveObjects: 0.290300 ms CreateObjectMapping: 0.186500 ms MarkObjects: 3.360300 ms  DeleteObjects: 0.247900 ms)

AssetImportParameters requested are different than current active one (requested -> active):
  custom:video-decoder-ogg-theora: a1e56fd34408186e4bbccfd4996cb3dc -> 
  custom:container-muxer-webm: aa71ff27fc2769a1b78a27578f13a17b -> 
  custom:container-demuxer-webm: 4f35f7cbe854078d1ac9338744f61a02 -> 
  custom:video-encoder-webm-vp8: eb34c28f22e8b96e1ab97ce403110664 -> 
  custom:video-codec-MediaFoundation-h265: 746d11721c4dcdbdad8f713fa42b33f4 -> 
  custom:audio-encoder-webm-vorbis: bf7c407c2cedff20999df2af8eb42d56 -> 
  custom:framework-win-MediaFoundation: 216162199b28c13a410421893ffa2e32 -> 
  custom:container-demuxer-ogg: 62fdf1f143b41e24485cea50d1cbac27 -> 
  custom:video-decoder-webm-vp8: 9c59270c3fd7afecdb556c50c9e8de78 -> 
  custom:audio-decoder-ogg-vorbis: bf7c407c2cedff20999df2af8eb42d56 -> 
========================================================================
Received Prepare
Registering precompiled user dll's ...
Registered in 0.009710 seconds.
Begin MonoManager ReloadAssembly
Native extension for WindowsStandalone target not found
Native extension for WebGL target not found
Refreshing native plugins compatible for Editor in 0.79 ms, found 2 plugins.
Preloading 0 native plugins for Editor in 0.00 ms.
Mono: successfully reloaded assembly
- Completed reload, in  1.360 seconds
Domain Reload Profiling:
	ReloadAssembly (1361ms)
		BeginReloadAssembly (154ms)
			ExecutionOrderSort (0ms)
			DisableScriptedObjects (8ms)
			BackupInstance (0ms)
			ReleaseScriptingObjects (0ms)
			CreateAndSetChildDomain (37ms)
		EndReloadAssembly (1086ms)
			LoadAssemblies (96ms)
			RebuildTransferFunctionScriptingTraits (0ms)
			SetupTypeCache (242ms)
			ReleaseScriptCaches (2ms)
			RebuildScriptCaches (54ms)
			SetupLoadedEditorAssemblies (587ms)
				LogAssemblyErrors (0ms)
				InitializePlatformSupportModulesInManaged (23ms)
				SetLoadedEditorAssemblies (1ms)
				RefreshPlugins (1ms)
				BeforeProcessingInitializeOnLoad (108ms)
				ProcessInitializeOnLoadAttributes (319ms)
				ProcessInitializeOnLoadMethodAttributes (120ms)
				AfterProcessingInitializeOnLoad (16ms)
				EditorAssembliesLoaded (0ms)
			ExecutionOrderSort2 (0ms)
			AwakeInstancesAfterBackupRestoration (15ms)
Platform modules already initialized, skipping
Refreshing native plugins compatible for Editor in 2.96 ms, found 2 plugins.
Preloading 0 native plugins for Editor in 0.00 ms.
Unloading 3350 Unused Serialized files (Serialized files now loaded: 0)
Unloading 22 unused Assets / (0.7 MB). Loaded Objects now: 4042.
Memory consumption went from 157.8 MB to 157.1 MB.
Total: 4.326400 ms (FindLiveObjects: 0.331700 ms CreateObjectMapping: 0.323000 ms MarkObjects: 3.283300 ms  DeleteObjects: 0.387000 ms)

AssetImportParameters requested are different than current active one (requested -> active):
  custom:video-decoder-ogg-theora: a1e56fd34408186e4bbccfd4996cb3dc -> 
  custom:container-muxer-webm: aa71ff27fc2769a1b78a27578f13a17b -> 
  custom:container-demuxer-webm: 4f35f7cbe854078d1ac9338744f61a02 -> 
  custom:video-encoder-webm-vp8: eb34c28f22e8b96e1ab97ce403110664 -> 
  custom:video-codec-MediaFoundation-h265: 746d11721c4dcdbdad8f713fa42b33f4 -> 
  custom:audio-encoder-webm-vorbis: bf7c407c2cedff20999df2af8eb42d56 -> 
  custom:framework-win-MediaFoundation: 216162199b28c13a410421893ffa2e32 -> 
  custom:container-demuxer-ogg: 62fdf1f143b41e24485cea50d1cbac27 -> 
  custom:video-decoder-webm-vp8: 9c59270c3fd7afecdb556c50c9e8de78 -> 
  custom:audio-decoder-ogg-vorbis: bf7c407c2cedff20999df2af8eb42d56 -> 
========================================================================
Received Prepare
Registering precompiled user dll's ...
Registered in 0.010152 seconds.
Begin MonoManager ReloadAssembly
Native extension for WindowsStandalone target not found
Native extension for WebGL target not found
Refreshing native plugins compatible for Editor in 0.85 ms, found 2 plugins.
Preloading 0 native plugins for Editor in 0.00 ms.
Mono: successfully reloaded assembly
- Completed reload, in  1.319 seconds
Domain Reload Profiling:
	ReloadAssembly (1321ms)
		BeginReloadAssembly (153ms)
			ExecutionOrderSort (0ms)
			DisableScriptedObjects (7ms)
			BackupInstance (0ms)
			ReleaseScriptingObjects (0ms)
			CreateAndSetChildDomain (33ms)
		EndReloadAssembly (1045ms)
			LoadAssemblies (100ms)
			RebuildTransferFunctionScriptingTraits (0ms)
			SetupTypeCache (239ms)
			ReleaseScriptCaches (2ms)
			RebuildScriptCaches (56ms)
			SetupLoadedEditorAssemblies (556ms)
				LogAssemblyErrors (0ms)
				InitializePlatformSupportModulesInManaged (21ms)
				SetLoadedEditorAssemblies (1ms)
				RefreshPlugins (1ms)
				BeforeProcessingInitializeOnLoad (102ms)
				ProcessInitializeOnLoadAttributes (305ms)
				ProcessInitializeOnLoadMethodAttributes (113ms)
				AfterProcessingInitializeOnLoad (13ms)
				EditorAssembliesLoaded (0ms)
			ExecutionOrderSort2 (0ms)
			AwakeInstancesAfterBackupRestoration (14ms)
Platform modules already initialized, skipping
Refreshing native plugins compatible for Editor in 3.11 ms, found 2 plugins.
Preloading 0 native plugins for Editor in 0.00 ms.
Unloading 3350 Unused Serialized files (Serialized files now loaded: 0)
Unloading 22 unused Assets / (0.7 MB). Loaded Objects now: 4045.
Memory consumption went from 157.8 MB to 157.1 MB.
Total: 4.097200 ms (FindLiveObjects: 0.322200 ms CreateObjectMapping: 0.222900 ms MarkObjects: 3.192700 ms  DeleteObjects: 0.357800 ms)

AssetImportParameters requested are different than current active one (requested -> active):
  custom:video-decoder-ogg-theora: a1e56fd34408186e4bbccfd4996cb3dc -> 
  custom:container-muxer-webm: aa71ff27fc2769a1b78a27578f13a17b -> 
  custom:container-demuxer-webm: 4f35f7cbe854078d1ac9338744f61a02 -> 
  custom:video-encoder-webm-vp8: eb34c28f22e8b96e1ab97ce403110664 -> 
  custom:video-codec-MediaFoundation-h265: 746d11721c4dcdbdad8f713fa42b33f4 -> 
  custom:audio-encoder-webm-vorbis: bf7c407c2cedff20999df2af8eb42d56 -> 
  custom:framework-win-MediaFoundation: 216162199b28c13a410421893ffa2e32 -> 
  custom:container-demuxer-ogg: 62fdf1f143b41e24485cea50d1cbac27 -> 
  custom:video-decoder-webm-vp8: 9c59270c3fd7afecdb556c50c9e8de78 -> 
  custom:audio-decoder-ogg-vorbis: bf7c407c2cedff20999df2af8eb42d56 -> 
========================================================================
Received Prepare
Registering precompiled user dll's ...
Registered in 0.009609 seconds.
Begin MonoManager ReloadAssembly
Native extension for WindowsStandalone target not found
Native extension for WebGL target not found
Refreshing native plugins compatible for Editor in 1.09 ms, found 2 plugins.
Preloading 0 native plugins for Editor in 0.00 ms.
Mono: successfully reloaded assembly
- Completed reload, in  1.028 seconds
Domain Reload Profiling:
	ReloadAssembly (1029ms)
		BeginReloadAssembly (137ms)
			ExecutionOrderSort (0ms)
			DisableScriptedObjects (5ms)
			BackupInstance (0ms)
			ReleaseScriptingObjects (0ms)
			CreateAndSetChildDomain (29ms)
		EndReloadAssembly (796ms)
			LoadAssemblies (98ms)
			RebuildTransferFunctionScriptingTraits (0ms)
			SetupTypeCache (198ms)
			ReleaseScriptCaches (2ms)
			RebuildScriptCaches (44ms)
			SetupLoadedEditorAssemblies (400ms)
				LogAssemblyErrors (0ms)
				InitializePlatformSupportModulesInManaged (17ms)
				SetLoadedEditorAssemblies (1ms)
				RefreshPlugins (1ms)
				BeforeProcessingInitializeOnLoad (80ms)
				ProcessInitializeOnLoadAttributes (212ms)
				ProcessInitializeOnLoadMethodAttributes (76ms)
				AfterProcessingInitializeOnLoad (13ms)
				EditorAssembliesLoaded (0ms)
			ExecutionOrderSort2 (0ms)
			AwakeInstancesAfterBackupRestoration (11ms)
Platform modules already initialized, skipping
Refreshing native plugins compatible for Editor in 1.74 ms, found 2 plugins.
Preloading 0 native plugins for Editor in 0.00 ms.
Unloading 3350 Unused Serialized files (Serialized files now loaded: 0)
Unloading 22 unused Assets / (0.7 MB). Loaded Objects now: 4048.
Memory consumption went from 157.8 MB to 157.1 MB.
Total: 3.540800 ms (FindLiveObjects: 0.326600 ms CreateObjectMapping: 0.285400 ms MarkObjects: 2.641500 ms  DeleteObjects: 0.286200 ms)

AssetImportParameters requested are different than current active one (requested -> active):
  custom:video-decoder-ogg-theora: a1e56fd34408186e4bbccfd4996cb3dc -> 
  custom:container-muxer-webm: aa71ff27fc2769a1b78a27578f13a17b -> 
  custom:container-demuxer-webm: 4f35f7cbe854078d1ac9338744f61a02 -> 
  custom:video-encoder-webm-vp8: eb34c28f22e8b96e1ab97ce403110664 -> 
  custom:video-codec-MediaFoundation-h265: 746d11721c4dcdbdad8f713fa42b33f4 -> 
  custom:audio-encoder-webm-vorbis: bf7c407c2cedff20999df2af8eb42d56 -> 
  custom:framework-win-MediaFoundation: 216162199b28c13a410421893ffa2e32 -> 
  custom:container-demuxer-ogg: 62fdf1f143b41e24485cea50d1cbac27 -> 
  custom:video-decoder-webm-vp8: 9c59270c3fd7afecdb556c50c9e8de78 -> 
  custom:audio-decoder-ogg-vorbis: bf7c407c2cedff20999df2af8eb42d56 -> 
========================================================================
Received Prepare
Registering precompiled user dll's ...
Registered in 0.006704 seconds.
Begin MonoManager ReloadAssembly
Native extension for WindowsStandalone target not found
Native extension for WebGL target not found
Refreshing native plugins compatible for Editor in 1.02 ms, found 2 plugins.
Preloading 0 native plugins for Editor in 0.00 ms.
Mono: successfully reloaded assembly
- Completed reload, in  1.073 seconds
Domain Reload Profiling:
	ReloadAssembly (1074ms)
		BeginReloadAssembly (133ms)
			ExecutionOrderSort (0ms)
			DisableScriptedObjects (6ms)
			BackupInstance (0ms)
			ReleaseScriptingObjects (0ms)
			CreateAndSetChildDomain (31ms)
		EndReloadAssembly (838ms)
			LoadAssemblies (92ms)
			RebuildTransferFunctionScriptingTraits (0ms)
			SetupTypeCache (210ms)
			ReleaseScriptCaches (1ms)
			RebuildScriptCaches (43ms)
			SetupLoadedEditorAssemblies (429ms)
				LogAssemblyErrors (0ms)
				InitializePlatformSupportModulesInManaged (15ms)
				SetLoadedEditorAssemblies (1ms)
				RefreshPlugins (1ms)
				BeforeProcessingInitializeOnLoad (77ms)
				ProcessInitializeOnLoadAttributes (231ms)
				ProcessInitializeOnLoadMethodAttributes (92ms)
				AfterProcessingInitializeOnLoad (11ms)
				EditorAssembliesLoaded (0ms)
			ExecutionOrderSort2 (0ms)
			AwakeInstancesAfterBackupRestoration (14ms)
Platform modules already initialized, skipping
Refreshing native plugins compatible for Editor in 2.19 ms, found 2 plugins.
Preloading 0 native plugins for Editor in 0.00 ms.
Unloading 3350 Unused Serialized files (Serialized files now loaded: 0)
Unloading 22 unused Assets / (0.7 MB). Loaded Objects now: 4051.
Memory consumption went from 157.8 MB to 157.1 MB.
Total: 3.103500 ms (FindLiveObjects: 0.256200 ms CreateObjectMapping: 0.164700 ms MarkObjects: 2.397800 ms  DeleteObjects: 0.283900 ms)

AssetImportParameters requested are different than current active one (requested -> active):
  custom:video-decoder-ogg-theora: a1e56fd34408186e4bbccfd4996cb3dc -> 
  custom:container-muxer-webm: aa71ff27fc2769a1b78a27578f13a17b -> 
  custom:container-demuxer-webm: 4f35f7cbe854078d1ac9338744f61a02 -> 
  custom:video-encoder-webm-vp8: eb34c28f22e8b96e1ab97ce403110664 -> 
  custom:video-codec-MediaFoundation-h265: 746d11721c4dcdbdad8f713fa42b33f4 -> 
  custom:audio-encoder-webm-vorbis: bf7c407c2cedff20999df2af8eb42d56 -> 
  custom:framework-win-MediaFoundation: 216162199b28c13a410421893ffa2e32 -> 
  custom:container-demuxer-ogg: 62fdf1f143b41e24485cea50d1cbac27 -> 
  custom:video-decoder-webm-vp8: 9c59270c3fd7afecdb556c50c9e8de78 -> 
  custom:audio-decoder-ogg-vorbis: bf7c407c2cedff20999df2af8eb42d56 -> 
========================================================================
Received Prepare
Registering precompiled user dll's ...
Registered in 0.010323 seconds.
Begin MonoManager ReloadAssembly
Native extension for WindowsStandalone target not found
Native extension for WebGL target not found
Refreshing native plugins compatible for Editor in 0.75 ms, found 2 plugins.
Preloading 0 native plugins for Editor in 0.00 ms.
Mono: successfully reloaded assembly
- Completed reload, in  1.400 seconds
Domain Reload Profiling:
	ReloadAssembly (1401ms)
		BeginReloadAssembly (150ms)
			ExecutionOrderSort (0ms)
			DisableScriptedObjects (10ms)
			BackupInstance (0ms)
			ReleaseScriptingObjects (0ms)
			CreateAndSetChildDomain (34ms)
		EndReloadAssembly (1124ms)
			LoadAssemblies (95ms)
			RebuildTransferFunctionScriptingTraits (0ms)
			SetupTypeCache (281ms)
			ReleaseScriptCaches (2ms)
			RebuildScriptCaches (60ms)
			SetupLoadedEditorAssemblies (559ms)
				LogAssemblyErrors (0ms)
				InitializePlatformSupportModulesInManaged (19ms)
				SetLoadedEditorAssemblies (1ms)
				RefreshPlugins (1ms)
				BeforeProcessingInitializeOnLoad (112ms)
				ProcessInitializeOnLoadAttributes (299ms)
				ProcessInitializeOnLoadMethodAttributes (111ms)
				AfterProcessingInitializeOnLoad (16ms)
				EditorAssembliesLoaded (0ms)
			ExecutionOrderSort2 (0ms)
			AwakeInstancesAfterBackupRestoration (17ms)
Platform modules already initialized, skipping
Refreshing native plugins compatible for Editor in 2.70 ms, found 2 plugins.
Preloading 0 native plugins for Editor in 0.00 ms.
Unloading 3350 Unused Serialized files (Serialized files now loaded: 0)
Unloading 22 unused Assets / (0.7 MB). Loaded Objects now: 4054.
Memory consumption went from 157.8 MB to 157.1 MB.
Total: 3.389700 ms (FindLiveObjects: 0.310100 ms CreateObjectMapping: 0.200700 ms MarkObjects: 2.574500 ms  DeleteObjects: 0.303600 ms)

AssetImportParameters requested are different than current active one (requested -> active):
  custom:video-decoder-ogg-theora: a1e56fd34408186e4bbccfd4996cb3dc -> 
  custom:container-muxer-webm: aa71ff27fc2769a1b78a27578f13a17b -> 
  custom:container-demuxer-webm: 4f35f7cbe854078d1ac9338744f61a02 -> 
  custom:video-encoder-webm-vp8: eb34c28f22e8b96e1ab97ce403110664 -> 
  custom:video-codec-MediaFoundation-h265: 746d11721c4dcdbdad8f713fa42b33f4 -> 
  custom:audio-encoder-webm-vorbis: bf7c407c2cedff20999df2af8eb42d56 -> 
  custom:framework-win-MediaFoundation: 216162199b28c13a410421893ffa2e32 -> 
  custom:container-demuxer-ogg: 62fdf1f143b41e24485cea50d1cbac27 -> 
  custom:video-decoder-webm-vp8: 9c59270c3fd7afecdb556c50c9e8de78 -> 
  custom:audio-decoder-ogg-vorbis: bf7c407c2cedff20999df2af8eb42d56 -> 
========================================================================
Received Prepare
Registering precompiled user dll's ...
Registered in 0.010417 seconds.
Begin MonoManager ReloadAssembly
Native extension for WindowsStandalone target not found
Native extension for WebGL target not found
Refreshing native plugins compatible for Editor in 0.85 ms, found 2 plugins.
Preloading 0 native plugins for Editor in 0.00 ms.
Mono: successfully reloaded assembly
- Completed reload, in  1.354 seconds
Domain Reload Profiling:
	ReloadAssembly (1355ms)
		BeginReloadAssembly (150ms)
			ExecutionOrderSort (0ms)
			DisableScriptedObjects (6ms)
			BackupInstance (0ms)
			ReleaseScriptingObjects (0ms)
			CreateAndSetChildDomain (35ms)
		EndReloadAssembly (1064ms)
			LoadAssemblies (104ms)
			RebuildTransferFunctionScriptingTraits (0ms)
			SetupTypeCache (252ms)
			ReleaseScriptCaches (2ms)
			RebuildScriptCaches (58ms)
			SetupLoadedEditorAssemblies (556ms)
				LogAssemblyErrors (0ms)
				InitializePlatformSupportModulesInManaged (20ms)
				SetLoadedEditorAssemblies (1ms)
				RefreshPlugins (1ms)
				BeforeProcessingInitializeOnLoad (97ms)
				ProcessInitializeOnLoadAttributes (304ms)
				ProcessInitializeOnLoadMethodAttributes (116ms)
				AfterProcessingInitializeOnLoad (16ms)
				EditorAssembliesLoaded (0ms)
			ExecutionOrderSort2 (0ms)
			AwakeInstancesAfterBackupRestoration (16ms)
Platform modules already initialized, skipping
Refreshing native plugins compatible for Editor in 2.28 ms, found 2 plugins.
Preloading 0 native plugins for Editor in 0.00 ms.
Unloading 3350 Unused Serialized files (Serialized files now loaded: 0)
Unloading 22 unused Assets / (0.7 MB). Loaded Objects now: 4057.
Memory consumption went from 157.8 MB to 157.1 MB.
Total: 2.844200 ms (FindLiveObjects: 0.263500 ms CreateObjectMapping: 0.157000 ms MarkObjects: 2.142800 ms  DeleteObjects: 0.280100 ms)

AssetImportParameters requested are different than current active one (requested -> active):
  custom:video-decoder-ogg-theora: a1e56fd34408186e4bbccfd4996cb3dc -> 
  custom:container-muxer-webm: aa71ff27fc2769a1b78a27578f13a17b -> 
  custom:container-demuxer-webm: 4f35f7cbe854078d1ac9338744f61a02 -> 
  custom:video-encoder-webm-vp8: eb34c28f22e8b96e1ab97ce403110664 -> 
  custom:video-codec-MediaFoundation-h265: 746d11721c4dcdbdad8f713fa42b33f4 -> 
  custom:audio-encoder-webm-vorbis: bf7c407c2cedff20999df2af8eb42d56 -> 
  custom:framework-win-MediaFoundation: 216162199b28c13a410421893ffa2e32 -> 
  custom:container-demuxer-ogg: 62fdf1f143b41e24485cea50d1cbac27 -> 
  custom:video-decoder-webm-vp8: 9c59270c3fd7afecdb556c50c9e8de78 -> 
  custom:audio-decoder-ogg-vorbis: bf7c407c2cedff20999df2af8eb42d56 -> 
